<?xml version="1.0" encoding="utf-8" standalone="no"?>
<!--This file represents the results of running a test suite-->
<test-results name="C:\Users\HP World\source\repos\SpecFlowProject\SpecFlowProject\bin\Debug\SpecFlowProject.dll" total="2" errors="0" failures="0" not-run="0" inconclusive="0" ignored="0" skipped="0" invalid="0" date="2018-05-17" time="15:30:25">
  <environment nunit-version="3.6.0.0" clr-version="4.0.30319.42000" os-version="Microsoft Windows NT 6.3.9600.0" platform="Win32NT" cwd="C:\Users\HP World\source\repos\SpecFlowProject" machine-name="SHARMISTHA" user="HP World" user-domain="SHARMISTHA" />
  <culture-info current-culture="en-IN" current-uiculture="en-US" />
  <test-suite type="Assembly" name="C:\Users\HP World\source\repos\SpecFlowProject\SpecFlowProject\bin\Debug\SpecFlowProject.dll" executed="True" result="Success" success="True" time="43.497" asserts="0">
    <properties>
      <property name="_PID" value="7656" />
      <property name="_APPDOMAIN" value="domain-" />
    </properties>
    <results>
      <test-suite type="TestSuite" name="SpecFlowProject" executed="True" result="Success" success="True" time="43.459" asserts="0">
        <results>
          <test-suite type="TestFixture" name="AvivaSearchFunctionalityFeature" description="Aviva Search Functionality" executed="True" result="Success" success="True" time="43.451" asserts="0">
            <properties>
              <property name="Description" value="Aviva Search Functionality" />
            </properties>
            <results>
              <test-suite type="ParameterizedTest" name="SearchAvivaKeywordInGoogleApplication" description="Search Aviva Keyword in Google Application" executed="True" result="Success" success="True" time="28.266" asserts="0">
                <categories>
                  <category name="Positive" />
                </categories>
                <properties>
                  <property name="Description" value="Search Aviva Keyword in Google Application" />
                </properties>
                <results>
                  <test-case name="SpecFlowProject.AvivaSearchFunctionalityFeature.SearchAvivaKeywordInGoogleApplication(&quot;Chrome&quot;,&quot;Aviva&quot;,&quot;http://www.google.com&quot;,&quot;5&quot;,null)" executed="True" result="Success" success="True" time="28.226" asserts="0" />
                </results>
              </test-suite>
              <test-suite type="ParameterizedTest" name="SearchOtherKeywordInGoogleApplication" description="Search Other Keyword in Google Application" executed="True" result="Success" success="True" time="14.504" asserts="0">
                <categories>
                  <category name="Negative" />
                </categories>
                <properties>
                  <property name="Description" value="Search Other Keyword in Google Application" />
                </properties>
                <results>
                  <test-case name="SpecFlowProject.AvivaSearchFunctionalityFeature.SearchOtherKeywordInGoogleApplication(&quot;Chrome&quot;,&quot;UK&quot;,&quot;http://www.google.com&quot;,&quot;5&quot;,null)" executed="True" result="Success" success="True" time="14.504" asserts="0" />
                </results>
              </test-suite>
            </results>
          </test-suite>
        </results>
      </test-suite>
    </results>
  </test-suite>
</test-results>